<?xml version="1.0" encoding="UTF-8"?>
<!-- Generated by org.testng.reporters.JUnitXMLReporter -->
<testsuite ignored="1" hostname="DESKTOP-V6I1E6E" failures="4" tests="8" name="Test" time="168.12" errors="0" timestamp="2022-05-31T12:31:33 IST">
  <testcase classname="insuranceCalculation_Motorcycle.VerifyInsurancePremiumforHondaMotorCycle" name="insuranceCalculate_FordMoped" time="16.732">
    <failure type="java.lang.AssertionError" message="Pricing for Silver plan is not Matching. expected [258.00] but found [93.00]">
      <![CDATA[java.lang.AssertionError: Pricing for Silver plan is not Matching. expected [258.00] but found [93.00]
at insuranceCalculation_Motorcycle.VerifyInsurancePremiumforHondaMotorCycle.insuranceCalculate_FordMoped(VerifyInsurancePremiumforHondaMotorCycle.java:71)
at java.base/java.util.ArrayList.forEach(ArrayList.java:1541)
... Removed 36 stack frames]]>
    </failure>
  </testcase> <!-- insuranceCalculate_FordMoped -->
  <testcase classname="insuranceCalculation_Motorcycle.VerifyInsurancePremiumforHondaMotorCycle" name="insuranceCalculate_Honda" time="10.789"/>
  <testcase classname="insuranceCalculation_Motorcycle.VerifyInsurancePremiumforHondaMotorCycle" name="insuranceCalculate_Volvo" time="6.915">
    <failure type="java.lang.AssertionError" message="Pricing for Gold plan is not Matching. expected [696.00] but found [772.00]">
      <![CDATA[java.lang.AssertionError: Pricing for Gold plan is not Matching. expected [696.00] but found [772.00]
at insuranceCalculation_Motorcycle.VerifyInsurancePremiumforHondaMotorCycle.insuranceCalculate_Volvo(VerifyInsurancePremiumforHondaMotorCycle.java:51)
at java.base/java.util.ArrayList.forEach(ArrayList.java:1541)
... Removed 36 stack frames]]>
    </failure>
  </testcase> <!-- insuranceCalculate_Volvo -->
  <testcase classname="insuranceCalculation_Motorcycle.errortests_motor_cycle" name="errorMessageMakeDropDown" time="1.908"/>
  <testcase classname="insuranceCalculation_Motorcycle.errortests_motor_cycle" name="errorMessageModelDropDown" time="1.667">
    <failure type="java.lang.AssertionError" message="Error message is: expected [Select atleast one option] but found [Select an option]">
      <![CDATA[java.lang.AssertionError: Error message is: expected [Select atleast one option] but found [Select an option]
at insuranceCalculation_Motorcycle.errortests_motor_cycle.errorMessageModelDropDown(errortests_motor_cycle.java:46)
at java.base/java.util.ArrayList.forEach(ArrayList.java:1541)
... Removed 36 stack frames]]>
    </failure>
  </testcase> <!-- errorMessageModelDropDown -->
  <testcase classname="insuranceCalculation_Motorcycle.errortests_motor_cycle" name="errorMessageManufacturedateformat" time="2.315">
    <failure type="java.lang.AssertionError" message="Error message is : expected [Must be a valid date format] but found [Must be a valid date]">
      <![CDATA[java.lang.AssertionError: Error message is : expected [Must be a valid date format] but found [Must be a valid date]
at insuranceCalculation_Motorcycle.errortests_motor_cycle.errorMessageManufacturedateformat(errortests_motor_cycle.java:56)
at java.base/java.util.ArrayList.forEach(ArrayList.java:1541)
... Removed 36 stack frames]]>
    </failure>
  </testcase> <!-- errorMessageManufacturedateformat -->
  <testcase classname="insuranceCalculation_Motorcycle.errortests_motor_cycle" name="VerifyMakedropdownOptions" time="2.13"/>
  <testcase classname="insuranceCalculation_Motorcycle.errortests_motor_cycle" name="VerifyModeldropdownOptions" time="1.736"/>
  <testcase classname="insuranceCalculation_Motorcycle.errortests_motor_cycle" name="errorMessageCylinder_Capacity" time="0.0">
    <ignored/>
  </testcase> <!-- errorMessageCylinder_Capacity -->
</testsuite> <!-- Test -->
