<?xml version="1.0" encoding="UTF-8"?>
<testng-results ignored="1" total="9" passed="4" failed="4" skipped="0">
  <reporter-output>
  </reporter-output>
  <suite started-at="2022-05-31T12:28:44 IST" name="Suite" finished-at="2022-05-31T12:31:32 IST" duration-ms="168120">
    <groups>
    </groups>
    <test started-at="2022-05-31T12:28:44 IST" name="Test" finished-at="2022-05-31T12:31:32 IST" duration-ms="168120">
      <class name="insuranceCalculation_Motorcycle.errortests_motor_cycle">
        <test-method is-config="true" signature="SetUpMethod()[pri:0, instance:insuranceCalculation_Motorcycle.errortests_motor_cycle@72ba28ee]" started-at="2022-05-31T12:30:30 IST" name="SetUpMethod" finished-at="2022-05-31T12:30:40 IST" duration-ms="9445" status="PASS">
          <reporter-output>
          </reporter-output>
        </test-method> <!-- SetUpMethod -->
        <test-method signature="errorMessageMakeDropDown()[pri:2, instance:insuranceCalculation_Motorcycle.errortests_motor_cycle@72ba28ee]" started-at="2022-05-31T12:30:40 IST" name="errorMessageMakeDropDown" finished-at="2022-05-31T12:30:42 IST" duration-ms="1908" status="PASS">
          <reporter-output>
          </reporter-output>
        </test-method> <!-- errorMessageMakeDropDown -->
        <test-method is-config="true" signature="ClosureMethod()[pri:0, instance:insuranceCalculation_Motorcycle.errortests_motor_cycle@72ba28ee]" started-at="2022-05-31T12:30:42 IST" name="ClosureMethod" finished-at="2022-05-31T12:30:44 IST" duration-ms="1809" status="PASS">
          <reporter-output>
          </reporter-output>
        </test-method> <!-- ClosureMethod -->
        <test-method is-config="true" signature="SetUpMethod()[pri:0, instance:insuranceCalculation_Motorcycle.errortests_motor_cycle@72ba28ee]" started-at="2022-05-31T12:30:44 IST" name="SetUpMethod" finished-at="2022-05-31T12:30:52 IST" duration-ms="7938" status="PASS">
          <reporter-output>
          </reporter-output>
        </test-method> <!-- SetUpMethod -->
        <test-method signature="errorMessageModelDropDown()[pri:3, instance:insuranceCalculation_Motorcycle.errortests_motor_cycle@72ba28ee]" started-at="2022-05-31T12:30:52 IST" name="errorMessageModelDropDown" finished-at="2022-05-31T12:30:53 IST" duration-ms="1667" status="FAIL">
          <exception class="java.lang.AssertionError">
            <message>
              <![CDATA[Error message is: expected [Select atleast one option] but found [Select an option]]]>
            </message>
            <full-stacktrace>
              <![CDATA[java.lang.AssertionError: Error message is: expected [Select atleast one option] but found [Select an option]
at org.testng.Assert.fail(Assert.java:110)
at org.testng.Assert.failNotEquals(Assert.java:1413)
at org.testng.Assert.assertEqualsImpl(Assert.java:149)
at org.testng.Assert.assertEquals(Assert.java:131)
at org.testng.Assert.assertEquals(Assert.java:655)
at insuranceCalculation_Motorcycle.errortests_motor_cycle.errorMessageModelDropDown(errortests_motor_cycle.java:46)
at java.base/jdk.internal.reflect.NativeMethodAccessorImpl.invoke0(Native Method)
at java.base/jdk.internal.reflect.NativeMethodAccessorImpl.invoke(NativeMethodAccessorImpl.java:62)
at java.base/jdk.internal.reflect.DelegatingMethodAccessorImpl.invoke(DelegatingMethodAccessorImpl.java:43)
at java.base/java.lang.reflect.Method.invoke(Method.java:566)
at org.testng.internal.invokers.MethodInvocationHelper.invokeMethod(MethodInvocationHelper.java:135)
at org.testng.internal.invokers.TestInvoker.invokeMethod(TestInvoker.java:673)
at org.testng.internal.invokers.TestInvoker.invokeTestMethod(TestInvoker.java:220)
at org.testng.internal.invokers.MethodRunner.runInSequence(MethodRunner.java:50)
at org.testng.internal.invokers.TestInvoker$MethodInvocationAgent.invoke(TestInvoker.java:945)
at org.testng.internal.invokers.TestInvoker.invokeTestMethods(TestInvoker.java:193)
at org.testng.internal.invokers.TestMethodWorker.invokeTestMethods(TestMethodWorker.java:146)
at org.testng.internal.invokers.TestMethodWorker.run(TestMethodWorker.java:128)
at java.base/java.util.ArrayList.forEach(ArrayList.java:1541)
at org.testng.TestRunner.privateRun(TestRunner.java:808)
at org.testng.TestRunner.run(TestRunner.java:603)
at org.testng.SuiteRunner.runTest(SuiteRunner.java:429)
at org.testng.SuiteRunner.runSequentially(SuiteRunner.java:423)
at org.testng.SuiteRunner.privateRun(SuiteRunner.java:383)
at org.testng.SuiteRunner.run(SuiteRunner.java:326)
at org.testng.SuiteRunnerWorker.runSuite(SuiteRunnerWorker.java:52)
at org.testng.SuiteRunnerWorker.run(SuiteRunnerWorker.java:95)
at org.testng.TestNG.runSuitesSequentially(TestNG.java:1249)
at org.testng.TestNG.runSuitesLocally(TestNG.java:1169)
at org.testng.TestNG.runSuites(TestNG.java:1092)
at org.testng.TestNG.run(TestNG.java:1060)
at org.apache.maven.surefire.testng.TestNGExecutor.run(TestNGExecutor.java:324)
at org.apache.maven.surefire.testng.TestNGXmlTestSuite.execute(TestNGXmlTestSuite.java:74)
at org.apache.maven.surefire.testng.TestNGProvider.invoke(TestNGProvider.java:123)
at org.apache.maven.surefire.booter.ForkedBooter.runSuitesInProcess(ForkedBooter.java:456)
at org.apache.maven.surefire.booter.ForkedBooter.execute(ForkedBooter.java:169)
at org.apache.maven.surefire.booter.ForkedBooter.run(ForkedBooter.java:595)
at org.apache.maven.surefire.booter.ForkedBooter.main(ForkedBooter.java:581)
]]>
            </full-stacktrace>
          </exception> <!-- java.lang.AssertionError -->
          <reporter-output>
          </reporter-output>
        </test-method> <!-- errorMessageModelDropDown -->
        <test-method is-config="true" signature="ClosureMethod()[pri:0, instance:insuranceCalculation_Motorcycle.errortests_motor_cycle@72ba28ee]" started-at="2022-05-31T12:30:53 IST" name="ClosureMethod" finished-at="2022-05-31T12:30:55 IST" duration-ms="1789" status="PASS">
          <reporter-output>
          </reporter-output>
        </test-method> <!-- ClosureMethod -->
        <test-method is-config="true" signature="SetUpMethod()[pri:0, instance:insuranceCalculation_Motorcycle.errortests_motor_cycle@72ba28ee]" started-at="2022-05-31T12:30:55 IST" name="SetUpMethod" finished-at="2022-05-31T12:31:04 IST" duration-ms="8808" status="PASS">
          <reporter-output>
          </reporter-output>
        </test-method> <!-- SetUpMethod -->
        <test-method signature="errorMessageManufacturedateformat()[pri:4, instance:insuranceCalculation_Motorcycle.errortests_motor_cycle@72ba28ee]" started-at="2022-05-31T12:31:04 IST" name="errorMessageManufacturedateformat" finished-at="2022-05-31T12:31:06 IST" duration-ms="2315" status="FAIL">
          <exception class="java.lang.AssertionError">
            <message>
              <![CDATA[Error message is : expected [Must be a valid date format] but found [Must be a valid date]]]>
            </message>
            <full-stacktrace>
              <![CDATA[java.lang.AssertionError: Error message is : expected [Must be a valid date format] but found [Must be a valid date]
at org.testng.Assert.fail(Assert.java:110)
at org.testng.Assert.failNotEquals(Assert.java:1413)
at org.testng.Assert.assertEqualsImpl(Assert.java:149)
at org.testng.Assert.assertEquals(Assert.java:131)
at org.testng.Assert.assertEquals(Assert.java:655)
at insuranceCalculation_Motorcycle.errortests_motor_cycle.errorMessageManufacturedateformat(errortests_motor_cycle.java:56)
at java.base/jdk.internal.reflect.NativeMethodAccessorImpl.invoke0(Native Method)
at java.base/jdk.internal.reflect.NativeMethodAccessorImpl.invoke(NativeMethodAccessorImpl.java:62)
at java.base/jdk.internal.reflect.DelegatingMethodAccessorImpl.invoke(DelegatingMethodAccessorImpl.java:43)
at java.base/java.lang.reflect.Method.invoke(Method.java:566)
at org.testng.internal.invokers.MethodInvocationHelper.invokeMethod(MethodInvocationHelper.java:135)
at org.testng.internal.invokers.TestInvoker.invokeMethod(TestInvoker.java:673)
at org.testng.internal.invokers.TestInvoker.invokeTestMethod(TestInvoker.java:220)
at org.testng.internal.invokers.MethodRunner.runInSequence(MethodRunner.java:50)
at org.testng.internal.invokers.TestInvoker$MethodInvocationAgent.invoke(TestInvoker.java:945)
at org.testng.internal.invokers.TestInvoker.invokeTestMethods(TestInvoker.java:193)
at org.testng.internal.invokers.TestMethodWorker.invokeTestMethods(TestMethodWorker.java:146)
at org.testng.internal.invokers.TestMethodWorker.run(TestMethodWorker.java:128)
at java.base/java.util.ArrayList.forEach(ArrayList.java:1541)
at org.testng.TestRunner.privateRun(TestRunner.java:808)
at org.testng.TestRunner.run(TestRunner.java:603)
at org.testng.SuiteRunner.runTest(SuiteRunner.java:429)
at org.testng.SuiteRunner.runSequentially(SuiteRunner.java:423)
at org.testng.SuiteRunner.privateRun(SuiteRunner.java:383)
at org.testng.SuiteRunner.run(SuiteRunner.java:326)
at org.testng.SuiteRunnerWorker.runSuite(SuiteRunnerWorker.java:52)
at org.testng.SuiteRunnerWorker.run(SuiteRunnerWorker.java:95)
at org.testng.TestNG.runSuitesSequentially(TestNG.java:1249)
at org.testng.TestNG.runSuitesLocally(TestNG.java:1169)
at org.testng.TestNG.runSuites(TestNG.java:1092)
at org.testng.TestNG.run(TestNG.java:1060)
at org.apache.maven.surefire.testng.TestNGExecutor.run(TestNGExecutor.java:324)
at org.apache.maven.surefire.testng.TestNGXmlTestSuite.execute(TestNGXmlTestSuite.java:74)
at org.apache.maven.surefire.testng.TestNGProvider.invoke(TestNGProvider.java:123)
at org.apache.maven.surefire.booter.ForkedBooter.runSuitesInProcess(ForkedBooter.java:456)
at org.apache.maven.surefire.booter.ForkedBooter.execute(ForkedBooter.java:169)
at org.apache.maven.surefire.booter.ForkedBooter.run(ForkedBooter.java:595)
at org.apache.maven.surefire.booter.ForkedBooter.main(ForkedBooter.java:581)
]]>
            </full-stacktrace>
          </exception> <!-- java.lang.AssertionError -->
          <reporter-output>
          </reporter-output>
        </test-method> <!-- errorMessageManufacturedateformat -->
        <test-method is-config="true" signature="ClosureMethod()[pri:0, instance:insuranceCalculation_Motorcycle.errortests_motor_cycle@72ba28ee]" started-at="2022-05-31T12:31:07 IST" name="ClosureMethod" finished-at="2022-05-31T12:31:09 IST" duration-ms="1910" status="PASS">
          <reporter-output>
          </reporter-output>
        </test-method> <!-- ClosureMethod -->
        <test-method is-config="true" signature="SetUpMethod()[pri:0, instance:insuranceCalculation_Motorcycle.errortests_motor_cycle@72ba28ee]" started-at="2022-05-31T12:31:09 IST" name="SetUpMethod" finished-at="2022-05-31T12:31:16 IST" duration-ms="6879" status="PASS">
          <reporter-output>
          </reporter-output>
        </test-method> <!-- SetUpMethod -->
        <test-method signature="VerifyMakedropdownOptions()[pri:5, instance:insuranceCalculation_Motorcycle.errortests_motor_cycle@72ba28ee]" started-at="2022-05-31T12:31:16 IST" name="VerifyMakedropdownOptions" finished-at="2022-05-31T12:31:18 IST" duration-ms="2130" status="PASS">
          <reporter-output>
          </reporter-output>
        </test-method> <!-- VerifyMakedropdownOptions -->
        <test-method is-config="true" signature="ClosureMethod()[pri:0, instance:insuranceCalculation_Motorcycle.errortests_motor_cycle@72ba28ee]" started-at="2022-05-31T12:31:18 IST" name="ClosureMethod" finished-at="2022-05-31T12:31:20 IST" duration-ms="1847" status="PASS">
          <reporter-output>
          </reporter-output>
        </test-method> <!-- ClosureMethod -->
        <test-method is-config="true" signature="SetUpMethod()[pri:0, instance:insuranceCalculation_Motorcycle.errortests_motor_cycle@72ba28ee]" started-at="2022-05-31T12:31:20 IST" name="SetUpMethod" finished-at="2022-05-31T12:31:28 IST" duration-ms="8488" status="PASS">
          <reporter-output>
          </reporter-output>
        </test-method> <!-- SetUpMethod -->
        <test-method signature="VerifyModeldropdownOptions()[pri:6, instance:insuranceCalculation_Motorcycle.errortests_motor_cycle@72ba28ee]" started-at="2022-05-31T12:31:28 IST" name="VerifyModeldropdownOptions" finished-at="2022-05-31T12:31:30 IST" duration-ms="1736" status="PASS">
          <reporter-output>
          </reporter-output>
        </test-method> <!-- VerifyModeldropdownOptions -->
        <test-method is-config="true" signature="ClosureMethod()[pri:0, instance:insuranceCalculation_Motorcycle.errortests_motor_cycle@72ba28ee]" started-at="2022-05-31T12:31:30 IST" name="ClosureMethod" finished-at="2022-05-31T12:31:32 IST" duration-ms="1783" status="PASS">
          <reporter-output>
          </reporter-output>
        </test-method> <!-- ClosureMethod -->
      </class> <!-- insuranceCalculation_Motorcycle.errortests_motor_cycle -->
      <class name="insuranceCalculation_Motorcycle.VerifyInsurancePremiumforHondaMotorCycle">
        <test-method is-config="true" signature="SetUpMethod()[pri:0, instance:insuranceCalculation_Motorcycle.VerifyInsurancePremiumforHondaMotorCycle@70325d20]" started-at="2022-05-31T12:28:44 IST" name="SetUpMethod" finished-at="2022-05-31T12:29:20 IST" duration-ms="35184" status="PASS">
          <reporter-output>
          </reporter-output>
        </test-method> <!-- SetUpMethod -->
        <test-method signature="insuranceCalculate_FordMoped()[pri:0, instance:insuranceCalculation_Motorcycle.VerifyInsurancePremiumforHondaMotorCycle@70325d20]" started-at="2022-05-31T12:29:20 IST" name="insuranceCalculate_FordMoped" finished-at="2022-05-31T12:29:36 IST" duration-ms="16732" status="FAIL">
          <exception class="java.lang.AssertionError">
            <message>
              <![CDATA[Pricing for Silver plan is not Matching. expected [258.00] but found [93.00]]]>
            </message>
            <full-stacktrace>
              <![CDATA[java.lang.AssertionError: Pricing for Silver plan is not Matching. expected [258.00] but found [93.00]
at org.testng.Assert.fail(Assert.java:110)
at org.testng.Assert.failNotEquals(Assert.java:1413)
at org.testng.Assert.assertEqualsImpl(Assert.java:149)
at org.testng.Assert.assertEquals(Assert.java:131)
at org.testng.Assert.assertEquals(Assert.java:655)
at insuranceCalculation_Motorcycle.VerifyInsurancePremiumforHondaMotorCycle.insuranceCalculate_FordMoped(VerifyInsurancePremiumforHondaMotorCycle.java:71)
at java.base/jdk.internal.reflect.NativeMethodAccessorImpl.invoke0(Native Method)
at java.base/jdk.internal.reflect.NativeMethodAccessorImpl.invoke(NativeMethodAccessorImpl.java:62)
at java.base/jdk.internal.reflect.DelegatingMethodAccessorImpl.invoke(DelegatingMethodAccessorImpl.java:43)
at java.base/java.lang.reflect.Method.invoke(Method.java:566)
at org.testng.internal.invokers.MethodInvocationHelper.invokeMethod(MethodInvocationHelper.java:135)
at org.testng.internal.invokers.TestInvoker.invokeMethod(TestInvoker.java:673)
at org.testng.internal.invokers.TestInvoker.invokeTestMethod(TestInvoker.java:220)
at org.testng.internal.invokers.MethodRunner.runInSequence(MethodRunner.java:50)
at org.testng.internal.invokers.TestInvoker$MethodInvocationAgent.invoke(TestInvoker.java:945)
at org.testng.internal.invokers.TestInvoker.invokeTestMethods(TestInvoker.java:193)
at org.testng.internal.invokers.TestMethodWorker.invokeTestMethods(TestMethodWorker.java:146)
at org.testng.internal.invokers.TestMethodWorker.run(TestMethodWorker.java:128)
at java.base/java.util.ArrayList.forEach(ArrayList.java:1541)
at org.testng.TestRunner.privateRun(TestRunner.java:808)
at org.testng.TestRunner.run(TestRunner.java:603)
at org.testng.SuiteRunner.runTest(SuiteRunner.java:429)
at org.testng.SuiteRunner.runSequentially(SuiteRunner.java:423)
at org.testng.SuiteRunner.privateRun(SuiteRunner.java:383)
at org.testng.SuiteRunner.run(SuiteRunner.java:326)
at org.testng.SuiteRunnerWorker.runSuite(SuiteRunnerWorker.java:52)
at org.testng.SuiteRunnerWorker.run(SuiteRunnerWorker.java:95)
at org.testng.TestNG.runSuitesSequentially(TestNG.java:1249)
at org.testng.TestNG.runSuitesLocally(TestNG.java:1169)
at org.testng.TestNG.runSuites(TestNG.java:1092)
at org.testng.TestNG.run(TestNG.java:1060)
at org.apache.maven.surefire.testng.TestNGExecutor.run(TestNGExecutor.java:324)
at org.apache.maven.surefire.testng.TestNGXmlTestSuite.execute(TestNGXmlTestSuite.java:74)
at org.apache.maven.surefire.testng.TestNGProvider.invoke(TestNGProvider.java:123)
at org.apache.maven.surefire.booter.ForkedBooter.runSuitesInProcess(ForkedBooter.java:456)
at org.apache.maven.surefire.booter.ForkedBooter.execute(ForkedBooter.java:169)
at org.apache.maven.surefire.booter.ForkedBooter.run(ForkedBooter.java:595)
at org.apache.maven.surefire.booter.ForkedBooter.main(ForkedBooter.java:581)
]]>
            </full-stacktrace>
          </exception> <!-- java.lang.AssertionError -->
          <reporter-output>
          </reporter-output>
        </test-method> <!-- insuranceCalculate_FordMoped -->
        <test-method is-config="true" signature="ClosureMethod()[pri:0, instance:insuranceCalculation_Motorcycle.VerifyInsurancePremiumforHondaMotorCycle@70325d20]" started-at="2022-05-31T12:29:39 IST" name="ClosureMethod" finished-at="2022-05-31T12:29:44 IST" duration-ms="5272" status="PASS">
          <reporter-output>
          </reporter-output>
        </test-method> <!-- ClosureMethod -->
        <test-method is-config="true" signature="SetUpMethod()[pri:0, instance:insuranceCalculation_Motorcycle.VerifyInsurancePremiumforHondaMotorCycle@70325d20]" started-at="2022-05-31T12:29:44 IST" name="SetUpMethod" finished-at="2022-05-31T12:29:58 IST" duration-ms="13801" status="PASS">
          <reporter-output>
          </reporter-output>
        </test-method> <!-- SetUpMethod -->
        <test-method signature="insuranceCalculate_Honda()[pri:0, instance:insuranceCalculation_Motorcycle.VerifyInsurancePremiumforHondaMotorCycle@70325d20]" started-at="2022-05-31T12:29:58 IST" name="insuranceCalculate_Honda" finished-at="2022-05-31T12:30:09 IST" duration-ms="10789" status="PASS">
          <reporter-output>
          </reporter-output>
        </test-method> <!-- insuranceCalculate_Honda -->
        <test-method is-config="true" signature="ClosureMethod()[pri:0, instance:insuranceCalculation_Motorcycle.VerifyInsurancePremiumforHondaMotorCycle@70325d20]" started-at="2022-05-31T12:30:09 IST" name="ClosureMethod" finished-at="2022-05-31T12:30:11 IST" duration-ms="2054" status="PASS">
          <reporter-output>
          </reporter-output>
        </test-method> <!-- ClosureMethod -->
        <test-method is-config="true" signature="SetUpMethod()[pri:0, instance:insuranceCalculation_Motorcycle.VerifyInsurancePremiumforHondaMotorCycle@70325d20]" started-at="2022-05-31T12:30:11 IST" name="SetUpMethod" finished-at="2022-05-31T12:30:21 IST" duration-ms="10443" status="PASS">
          <reporter-output>
          </reporter-output>
        </test-method> <!-- SetUpMethod -->
        <test-method signature="insuranceCalculate_Volvo()[pri:0, instance:insuranceCalculation_Motorcycle.VerifyInsurancePremiumforHondaMotorCycle@70325d20]" started-at="2022-05-31T12:30:21 IST" name="insuranceCalculate_Volvo" finished-at="2022-05-31T12:30:28 IST" duration-ms="6915" status="FAIL">
          <exception class="java.lang.AssertionError">
            <message>
              <![CDATA[Pricing for Gold plan is not Matching. expected [696.00] but found [772.00]]]>
            </message>
            <full-stacktrace>
              <![CDATA[java.lang.AssertionError: Pricing for Gold plan is not Matching. expected [696.00] but found [772.00]
at org.testng.Assert.fail(Assert.java:110)
at org.testng.Assert.failNotEquals(Assert.java:1413)
at org.testng.Assert.assertEqualsImpl(Assert.java:149)
at org.testng.Assert.assertEquals(Assert.java:131)
at org.testng.Assert.assertEquals(Assert.java:655)
at insuranceCalculation_Motorcycle.VerifyInsurancePremiumforHondaMotorCycle.insuranceCalculate_Volvo(VerifyInsurancePremiumforHondaMotorCycle.java:51)
at java.base/jdk.internal.reflect.NativeMethodAccessorImpl.invoke0(Native Method)
at java.base/jdk.internal.reflect.NativeMethodAccessorImpl.invoke(NativeMethodAccessorImpl.java:62)
at java.base/jdk.internal.reflect.DelegatingMethodAccessorImpl.invoke(DelegatingMethodAccessorImpl.java:43)
at java.base/java.lang.reflect.Method.invoke(Method.java:566)
at org.testng.internal.invokers.MethodInvocationHelper.invokeMethod(MethodInvocationHelper.java:135)
at org.testng.internal.invokers.TestInvoker.invokeMethod(TestInvoker.java:673)
at org.testng.internal.invokers.TestInvoker.invokeTestMethod(TestInvoker.java:220)
at org.testng.internal.invokers.MethodRunner.runInSequence(MethodRunner.java:50)
at org.testng.internal.invokers.TestInvoker$MethodInvocationAgent.invoke(TestInvoker.java:945)
at org.testng.internal.invokers.TestInvoker.invokeTestMethods(TestInvoker.java:193)
at org.testng.internal.invokers.TestMethodWorker.invokeTestMethods(TestMethodWorker.java:146)
at org.testng.internal.invokers.TestMethodWorker.run(TestMethodWorker.java:128)
at java.base/java.util.ArrayList.forEach(ArrayList.java:1541)
at org.testng.TestRunner.privateRun(TestRunner.java:808)
at org.testng.TestRunner.run(TestRunner.java:603)
at org.testng.SuiteRunner.runTest(SuiteRunner.java:429)
at org.testng.SuiteRunner.runSequentially(SuiteRunner.java:423)
at org.testng.SuiteRunner.privateRun(SuiteRunner.java:383)
at org.testng.SuiteRunner.run(SuiteRunner.java:326)
at org.testng.SuiteRunnerWorker.runSuite(SuiteRunnerWorker.java:52)
at org.testng.SuiteRunnerWorker.run(SuiteRunnerWorker.java:95)
at org.testng.TestNG.runSuitesSequentially(TestNG.java:1249)
at org.testng.TestNG.runSuitesLocally(TestNG.java:1169)
at org.testng.TestNG.runSuites(TestNG.java:1092)
at org.testng.TestNG.run(TestNG.java:1060)
at org.apache.maven.surefire.testng.TestNGExecutor.run(TestNGExecutor.java:324)
at org.apache.maven.surefire.testng.TestNGXmlTestSuite.execute(TestNGXmlTestSuite.java:74)
at org.apache.maven.surefire.testng.TestNGProvider.invoke(TestNGProvider.java:123)
at org.apache.maven.surefire.booter.ForkedBooter.runSuitesInProcess(ForkedBooter.java:456)
at org.apache.maven.surefire.booter.ForkedBooter.execute(ForkedBooter.java:169)
at org.apache.maven.surefire.booter.ForkedBooter.run(ForkedBooter.java:595)
at org.apache.maven.surefire.booter.ForkedBooter.main(ForkedBooter.java:581)
]]>
            </full-stacktrace>
          </exception> <!-- java.lang.AssertionError -->
          <reporter-output>
          </reporter-output>
        </test-method> <!-- insuranceCalculate_Volvo -->
        <test-method is-config="true" signature="ClosureMethod()[pri:0, instance:insuranceCalculation_Motorcycle.VerifyInsurancePremiumforHondaMotorCycle@70325d20]" started-at="2022-05-31T12:30:29 IST" name="ClosureMethod" finished-at="2022-05-31T12:30:30 IST" duration-ms="1847" status="PASS">
          <reporter-output>
          </reporter-output>
        </test-method> <!-- ClosureMethod -->
      </class> <!-- insuranceCalculation_Motorcycle.VerifyInsurancePremiumforHondaMotorCycle -->
    </test> <!-- Test -->
  </suite> <!-- Suite -->
</testng-results>
