<?xml version="1.0" encoding="UTF-8"?>
<testng-results ignored="0" total="3" passed="1" failed="2" skipped="0">
  <reporter-output>
  </reporter-output>
  <suite started-at="2022-05-30T20:51:48 IST" name="Suite" finished-at="2022-05-30T20:53:18 IST" duration-ms="89608">
    <groups>
    </groups>
    <test started-at="2022-05-30T20:51:48 IST" name="Test" finished-at="2022-05-30T20:53:18 IST" duration-ms="89608">
      <class name="insuranceCalculation_Motorcycle.VerifyInsurancePremiumforHondaMotorCycle">
        <test-method is-config="true" signature="SetUpMethod()[pri:0, instance:insuranceCalculation_Motorcycle.VerifyInsurancePremiumforHondaMotorCycle@6548bb7d]" started-at="2022-05-30T20:51:49 IST" name="SetUpMethod" finished-at="2022-05-30T20:52:17 IST" duration-ms="27845" status="PASS">
          <reporter-output>
          </reporter-output>
        </test-method> <!-- SetUpMethod -->
        <test-method signature="insuranceCalculate_FordMoped()[pri:0, instance:insuranceCalculation_Motorcycle.VerifyInsurancePremiumforHondaMotorCycle@6548bb7d]" started-at="2022-05-30T20:52:17 IST" name="insuranceCalculate_FordMoped" finished-at="2022-05-30T20:52:32 IST" duration-ms="15174" status="FAIL">
          <exception class="java.lang.AssertionError">
            <message>
              <![CDATA[Pricing for Silver plan is not Matching. expected [258.00] but found [93.00]]]>
            </message>
            <full-stacktrace>
              <![CDATA[java.lang.AssertionError: Pricing for Silver plan is not Matching. expected [258.00] but found [93.00]
at org.testng.Assert.fail(Assert.java:110)
at org.testng.Assert.failNotEquals(Assert.java:1413)
at org.testng.Assert.assertEqualsImpl(Assert.java:149)
at org.testng.Assert.assertEquals(Assert.java:131)
at org.testng.Assert.assertEquals(Assert.java:655)
at insuranceCalculation_Motorcycle.VerifyInsurancePremiumforHondaMotorCycle.insuranceCalculate_FordMoped(VerifyInsurancePremiumforHondaMotorCycle.java:71)
at java.base/jdk.internal.reflect.DirectMethodHandleAccessor.invoke(DirectMethodHandleAccessor.java:104)
at java.base/java.lang.reflect.Method.invoke(Method.java:577)
at org.testng.internal.invokers.MethodInvocationHelper.invokeMethod(MethodInvocationHelper.java:135)
at org.testng.internal.invokers.TestInvoker.invokeMethod(TestInvoker.java:673)
at org.testng.internal.invokers.TestInvoker.invokeTestMethod(TestInvoker.java:220)
at org.testng.internal.invokers.MethodRunner.runInSequence(MethodRunner.java:50)
at org.testng.internal.invokers.TestInvoker$MethodInvocationAgent.invoke(TestInvoker.java:945)
at org.testng.internal.invokers.TestInvoker.invokeTestMethods(TestInvoker.java:193)
at org.testng.internal.invokers.TestMethodWorker.invokeTestMethods(TestMethodWorker.java:146)
at org.testng.internal.invokers.TestMethodWorker.run(TestMethodWorker.java:128)
at java.base/java.util.ArrayList.forEach(ArrayList.java:1511)
at org.testng.TestRunner.privateRun(TestRunner.java:808)
at org.testng.TestRunner.run(TestRunner.java:603)
at org.testng.SuiteRunner.runTest(SuiteRunner.java:429)
at org.testng.SuiteRunner.runSequentially(SuiteRunner.java:423)
at org.testng.SuiteRunner.privateRun(SuiteRunner.java:383)
at org.testng.SuiteRunner.run(SuiteRunner.java:326)
at org.testng.SuiteRunnerWorker.runSuite(SuiteRunnerWorker.java:52)
at org.testng.SuiteRunnerWorker.run(SuiteRunnerWorker.java:95)
at org.testng.TestNG.runSuitesSequentially(TestNG.java:1249)
at org.testng.TestNG.runSuitesLocally(TestNG.java:1169)
at org.testng.TestNG.runSuites(TestNG.java:1092)
at org.testng.TestNG.run(TestNG.java:1060)
at org.testng.remote.AbstractRemoteTestNG.run(AbstractRemoteTestNG.java:115)
at org.testng.remote.RemoteTestNG.initAndRun(RemoteTestNG.java:251)
at org.testng.remote.RemoteTestNG.main(RemoteTestNG.java:77)
]]>
            </full-stacktrace>
          </exception> <!-- java.lang.AssertionError -->
          <reporter-output>
          </reporter-output>
        </test-method> <!-- insuranceCalculate_FordMoped -->
        <test-method is-config="true" signature="ClosureMethod()[pri:0, instance:insuranceCalculation_Motorcycle.VerifyInsurancePremiumforHondaMotorCycle@6548bb7d]" started-at="2022-05-30T20:52:33 IST" name="ClosureMethod" finished-at="2022-05-30T20:52:36 IST" duration-ms="3447" status="PASS">
          <reporter-output>
          </reporter-output>
        </test-method> <!-- ClosureMethod -->
        <test-method is-config="true" signature="SetUpMethod()[pri:0, instance:insuranceCalculation_Motorcycle.VerifyInsurancePremiumforHondaMotorCycle@6548bb7d]" started-at="2022-05-30T20:52:36 IST" name="SetUpMethod" finished-at="2022-05-30T20:52:50 IST" duration-ms="13284" status="PASS">
          <reporter-output>
          </reporter-output>
        </test-method> <!-- SetUpMethod -->
        <test-method signature="insuranceCalculate_Honda()[pri:0, instance:insuranceCalculation_Motorcycle.VerifyInsurancePremiumforHondaMotorCycle@6548bb7d]" started-at="2022-05-30T20:52:50 IST" name="insuranceCalculate_Honda" finished-at="2022-05-30T20:53:00 IST" duration-ms="10007" status="PASS">
          <reporter-output>
          </reporter-output>
        </test-method> <!-- insuranceCalculate_Honda -->
        <test-method is-config="true" signature="ClosureMethod()[pri:0, instance:insuranceCalculation_Motorcycle.VerifyInsurancePremiumforHondaMotorCycle@6548bb7d]" started-at="2022-05-30T20:53:00 IST" name="ClosureMethod" finished-at="2022-05-30T20:53:01 IST" duration-ms="1423" status="PASS">
          <reporter-output>
          </reporter-output>
        </test-method> <!-- ClosureMethod -->
        <test-method is-config="true" signature="SetUpMethod()[pri:0, instance:insuranceCalculation_Motorcycle.VerifyInsurancePremiumforHondaMotorCycle@6548bb7d]" started-at="2022-05-30T20:53:01 IST" name="SetUpMethod" finished-at="2022-05-30T20:53:10 IST" duration-ms="8480" status="PASS">
          <reporter-output>
          </reporter-output>
        </test-method> <!-- SetUpMethod -->
        <test-method signature="insuranceCalculate_Volvo()[pri:0, instance:insuranceCalculation_Motorcycle.VerifyInsurancePremiumforHondaMotorCycle@6548bb7d]" started-at="2022-05-30T20:53:10 IST" name="insuranceCalculate_Volvo" finished-at="2022-05-30T20:53:16 IST" duration-ms="6288" status="FAIL">
          <exception class="java.lang.AssertionError">
            <message>
              <![CDATA[Pricing for Gold plan is not Matching. expected [696.00] but found [772.00]]]>
            </message>
            <full-stacktrace>
              <![CDATA[java.lang.AssertionError: Pricing for Gold plan is not Matching. expected [696.00] but found [772.00]
at org.testng.Assert.fail(Assert.java:110)
at org.testng.Assert.failNotEquals(Assert.java:1413)
at org.testng.Assert.assertEqualsImpl(Assert.java:149)
at org.testng.Assert.assertEquals(Assert.java:131)
at org.testng.Assert.assertEquals(Assert.java:655)
at insuranceCalculation_Motorcycle.VerifyInsurancePremiumforHondaMotorCycle.insuranceCalculate_Volvo(VerifyInsurancePremiumforHondaMotorCycle.java:51)
at java.base/jdk.internal.reflect.DirectMethodHandleAccessor.invoke(DirectMethodHandleAccessor.java:104)
at java.base/java.lang.reflect.Method.invoke(Method.java:577)
at org.testng.internal.invokers.MethodInvocationHelper.invokeMethod(MethodInvocationHelper.java:135)
at org.testng.internal.invokers.TestInvoker.invokeMethod(TestInvoker.java:673)
at org.testng.internal.invokers.TestInvoker.invokeTestMethod(TestInvoker.java:220)
at org.testng.internal.invokers.MethodRunner.runInSequence(MethodRunner.java:50)
at org.testng.internal.invokers.TestInvoker$MethodInvocationAgent.invoke(TestInvoker.java:945)
at org.testng.internal.invokers.TestInvoker.invokeTestMethods(TestInvoker.java:193)
at org.testng.internal.invokers.TestMethodWorker.invokeTestMethods(TestMethodWorker.java:146)
at org.testng.internal.invokers.TestMethodWorker.run(TestMethodWorker.java:128)
at java.base/java.util.ArrayList.forEach(ArrayList.java:1511)
at org.testng.TestRunner.privateRun(TestRunner.java:808)
at org.testng.TestRunner.run(TestRunner.java:603)
at org.testng.SuiteRunner.runTest(SuiteRunner.java:429)
at org.testng.SuiteRunner.runSequentially(SuiteRunner.java:423)
at org.testng.SuiteRunner.privateRun(SuiteRunner.java:383)
at org.testng.SuiteRunner.run(SuiteRunner.java:326)
at org.testng.SuiteRunnerWorker.runSuite(SuiteRunnerWorker.java:52)
at org.testng.SuiteRunnerWorker.run(SuiteRunnerWorker.java:95)
at org.testng.TestNG.runSuitesSequentially(TestNG.java:1249)
at org.testng.TestNG.runSuitesLocally(TestNG.java:1169)
at org.testng.TestNG.runSuites(TestNG.java:1092)
at org.testng.TestNG.run(TestNG.java:1060)
at org.testng.remote.AbstractRemoteTestNG.run(AbstractRemoteTestNG.java:115)
at org.testng.remote.RemoteTestNG.initAndRun(RemoteTestNG.java:251)
at org.testng.remote.RemoteTestNG.main(RemoteTestNG.java:77)
]]>
            </full-stacktrace>
          </exception> <!-- java.lang.AssertionError -->
          <reporter-output>
          </reporter-output>
        </test-method> <!-- insuranceCalculate_Volvo -->
        <test-method is-config="true" signature="ClosureMethod()[pri:0, instance:insuranceCalculation_Motorcycle.VerifyInsurancePremiumforHondaMotorCycle@6548bb7d]" started-at="2022-05-30T20:53:16 IST" name="ClosureMethod" finished-at="2022-05-30T20:53:18 IST" duration-ms="1394" status="PASS">
          <reporter-output>
          </reporter-output>
        </test-method> <!-- ClosureMethod -->
      </class> <!-- insuranceCalculation_Motorcycle.VerifyInsurancePremiumforHondaMotorCycle -->
    </test> <!-- Test -->
  </suite> <!-- Suite -->
</testng-results>
